#
# A fatal error has been detected by the Java Runtime Environment:
#
#  Internal Error (javaClasses.cpp:136), pid=7304, tid=6172
#  fatal error: Invalid layout of preloaded class
#
# JRE version:  (7.0_51-b13) (build )
# Java VM: Java HotSpot(TM) 64-Bit Server VM (24.51-b03 mixed mode windows-amd64 compressed oops)
# Failed to write core dump. Minidumps are not enabled by default on client versions of Windows
#
# If you would like to submit a bug report, please visit:
#   http://bugreport.sun.com/bugreport/crash.jsp
#

---------------  T H R E A D  ---------------

Current thread (0x0000000002192800):  JavaThread "Unknown thread" [_thread_in_vm, id=6172, stack(0x0000000001fe0000,0x00000000020e0000)]

Stack: [0x0000000001fe0000,0x00000000020e0000]

---------------  P R O C E S S  ---------------

Java Threads: ( => current thread )

Other Threads:

=>0x0000000002192800 (exited) JavaThread "Unknown thread" [_thread_in_vm, id=6172, stack(0x0000000001fe0000,0x00000000020e0000)]

VM state:not at safepoint (not fully initialized)

VM Mutex/Monitor currently owned by a thread: None

GC Heap History (0 events):
No events

Deoptimization events (0 events):
No events

Internal exceptions (0 events):
No events

Events (10 events):
Event: 0.038 loading class 0x00000000021d7640 done
Event: 0.038 loading class 0x00000000021d7060 done
Event: 0.038 loading class 0x00000000021d7040
Event: 0.039 loading class 0x00000000021df150
Event: 0.039 loading class 0x00000000021df150 done
Event: 0.039 loading class 0x00000000021df180
Event: 0.039 loading class 0x00000000021df180 done
Event: 0.039 loading class 0x00000000021df1b0
Event: 0.039 loading class 0x00000000021df1b0 done
Event: 0.039 loading class 0x00000000021d7040 done


Dynamic libraries:
0x00007ff673ba0000 - 0x00007ff673bd3000 	G:\public\IDE\Java\bin\jdk1.7.0_51\bin\javaw.exe
0x00007ffe448a0000 - 0x00007ffe44a4c000 	C:\WINDOWS\SYSTEM32\ntdll.dll
0x00007ffe42210000 - 0x00007ffe4234e000 	C:\WINDOWS\system32\KERNEL32.DLL
0x00007ffe41e00000 - 0x00007ffe41f15000 	C:\WINDOWS\system32\KERNELBASE.dll
0x00007ffe40590000 - 0x00007ffe4061e000 	C:\WINDOWS\system32\apphelp.dll
0x00007ffe35ab0000 - 0x00007ffe35b03000 	C:\WINDOWS\AppPatch\AppPatch64\AcGenral.DLL
0x00007ffe42160000 - 0x00007ffe4220a000 	C:\WINDOWS\system32\msvcrt.dll
0x00007ffe41880000 - 0x00007ffe418ae000 	C:\WINDOWS\SYSTEM32\SspiCli.dll
0x00007ffe42350000 - 0x00007ffe423a4000 	C:\WINDOWS\system32\SHLWAPI.dll
0x00007ffe442a0000 - 0x00007ffe44417000 	C:\WINDOWS\system32\USER32.dll
0x00007ffe44700000 - 0x00007ffe44894000 	C:\WINDOWS\system32\ole32.dll
0x00007ffe42960000 - 0x00007ffe43e78000 	C:\WINDOWS\system32\SHELL32.dll
0x00007ffe40fe0000 - 0x00007ffe41001000 	C:\WINDOWS\SYSTEM32\USERENV.dll
0x00007ffe41ff0000 - 0x00007ffe4209a000 	C:\WINDOWS\system32\ADVAPI32.dll
0x00007ffe37b60000 - 0x00007ffe37b7e000 	C:\WINDOWS\SYSTEM32\MPR.dll
0x00007ffe42510000 - 0x00007ffe42651000 	C:\WINDOWS\system32\RPCRT4.dll
0x00007ffe42900000 - 0x00007ffe42959000 	C:\WINDOWS\SYSTEM32\sechost.dll
0x00007ffe44060000 - 0x00007ffe44271000 	C:\WINDOWS\SYSTEM32\combase.dll
0x00007ffe423b0000 - 0x00007ffe42501000 	C:\WINDOWS\system32\GDI32.dll
0x00007ffe419f0000 - 0x00007ffe41a05000 	C:\WINDOWS\SYSTEM32\profapi.dll
0x00007ffe3fd30000 - 0x00007ffe3fde2000 	C:\WINDOWS\SYSTEM32\SHCORE.dll
0x00007ffe44420000 - 0x00007ffe44456000 	C:\WINDOWS\system32\IMM32.DLL
0x00007ffe44530000 - 0x00007ffe44682000 	C:\WINDOWS\system32\MSCTF.dll
0x00007ffe3f430000 - 0x00007ffe3f6ab000 	C:\WINDOWS\WinSxS\amd64_microsoft.windows.common-controls_6595b64144ccf1df_6.0.9600.17784_none_624760d1ecb7236e\COMCTL32.dll
0x0000000077210000 - 0x00000000772e2000 	G:\public\IDE\Java\bin\jdk1.7.0_51\jre\bin\msvcr100.dll
0x0000000076a40000 - 0x0000000077209000 	G:\public\IDE\Java\bin\jdk1.7.0_51\jre\bin\server\jvm.dll
0x00007ffe37f00000 - 0x00007ffe37f09000 	C:\WINDOWS\SYSTEM32\WSOCK32.dll
0x00007ffe3d7a0000 - 0x00007ffe3d7c2000 	C:\WINDOWS\SYSTEM32\WINMM.dll
0x00007ffe44460000 - 0x00007ffe44467000 	C:\WINDOWS\system32\PSAPI.DLL
0x00007ffe44690000 - 0x00007ffe446ea000 	C:\WINDOWS\system32\WS2_32.dll
0x00007ffe3d770000 - 0x00007ffe3d79a000 	C:\WINDOWS\SYSTEM32\WINMMBASE.dll
0x00007ffe446f0000 - 0x00007ffe446f9000 	C:\WINDOWS\system32\NSI.dll
0x00007ffe41db0000 - 0x00007ffe41dff000 	C:\WINDOWS\SYSTEM32\cfgmgr32.dll
0x00007ffe407e0000 - 0x00007ffe40808000 	C:\WINDOWS\SYSTEM32\DEVOBJ.dll
0x0000000050330000 - 0x000000005033f000 	G:\public\IDE\Java\bin\jdk1.7.0_51\jre\bin\verify.dll
0x0000000076a10000 - 0x0000000076a38000 	G:\public\IDE\Java\bin\jdk1.7.0_51\jre\bin\java.dll
0x00000000769d0000 - 0x0000000076a05000 	G:\public\IDE\Java\bin\jdk1.7.0_51\jre\bin\jdwp.dll
0x0000000050320000 - 0x0000000050328000 	G:\public\IDE\Java\bin\jdk1.7.0_51\jre\bin\npt.dll
0x00000000769b0000 - 0x00000000769c5000 	G:\public\IDE\Java\bin\jdk1.7.0_51\jre\bin\zip.dll

VM Arguments:
jvm_args: -agentlib:jdwp=transport=dt_socket,suspend=y,address=localhost:2807 -Dfile.encoding=UTF-8 -Xbootclasspath:G:\public\IDE\Java\bin\android-sdk-bundle\sdk\platforms\android-20\android.jar 
java_command: kr.ac.gachon.game.pingpong.RankActivity
Launcher Type: SUN_STANDARD

Environment Variables:
PATH=G:\public\IDE\Java\bin\jdk1.7.0_51\jre\bin;C:/Program Files/Java/jre1.8.0_31/bin/server;C:/Program Files/Java/jre1.8.0_31/bin;C:/Program Files/Java/jre1.8.0_31/lib/amd64;C:\ProgramData\Oracle\Java\javapath;C:\oraclexe\app\oracle\product\11.2.0\server\bin;C:\Program Files (x86)\Intel\iCLS Client\;C:\Program Files\Intel\iCLS Client\;C:\WINDOWS\system32;C:\WINDOWS;C:\WINDOWS\System32\Wbem;C:\WINDOWS\System32\WindowsPowerShell\v1.0\;C:\Program Files (x86)\Windows Live\Shared;C:\Program Files\Intel\Intel(R) Management Engine Components\DAL;C:\Program Files\Intel\Intel(R) Management Engine Components\IPT;C:\Program Files (x86)\Intel\Intel(R) Management Engine Components\DAL;C:\Program Files (x86)\Intel\Intel(R) Management Engine Components\IPT;C:\Program Files (x86)\Intel\OpenCL SDK\3.0\bin\x86;C:\Program Files (x86)\Intel\OpenCL SDK\3.0\bin\x64;C:\Program Files (x86)\ATI Technologies\ATI.ACE\Core-Static;C:\Program Files (x86)\Microsoft SQL Server\100\Tools\Binn\;C:\Program Files\Microsoft SQL Server\100\Tools\Binn\;C:\Program Files\Microsoft SQL Server\100\DTS\Binn\;c:\Program Files\Intel\WiFi\bin\;c:\Program Files\Common Files\Intel\WirelessCommon\;C:\Program Files (x86)\Windows Kits\8.1\Windows Performance Toolkit\;C:\Program Files\Microsoft SQL Server\110\Tools\Binn\;C:\Program Files (x86)\Microsoft SDKs\TypeScript\1.0\;C:\cygwin\bin;C:\cygwin\usr\include;G:\public\IDE\Cygwin\bin\home\Hwang\android-ndk-r10b;G:\public\IDE\Java\bin\jdk1.7.0_51\bin;C:\Program Files (x86)\nodejs\;C:\Program Files\Microsoft\Web Platform Installer\;C:\Users\Hwang\AppData\Roaming\npm;G:\public\IDE\Java\bin\eclipse-android-x64;
USERNAME=Hwang
OS=Windows_NT
PROCESSOR_IDENTIFIER=Intel64 Family 6 Model 69 Stepping 1, GenuineIntel



---------------  S Y S T E M  ---------------

OS: Windows 8 , 64 bit Build 9200 

CPU:total 4 (2 cores per cpu, 2 threads per core) family 6 model 69 stepping 1, cmov, cx8, fxsr, mmx, sse, sse2, sse3, ssse3, sse4.1, sse4.2, popcnt, avx, avx2, aes, erms, ht, tsc, tscinvbit

Memory: 4k page, physical 8153240k(3628948k free), swap 9463960k(2607188k free)

vm_info: Java HotSpot(TM) 64-Bit Server VM (24.51-b03) for windows-amd64 JRE (1.7.0_51-b13), built on Dec 18 2013 18:40:56 by "java_re" with unknown MS VC++:1600

time: Wed Jun 03 15:31:55 2015
elapsed time: 0 seconds

