#
# A fatal error has been detected by the Java Runtime Environment:
#
#  Internal Error (javaClasses.cpp:136), pid=7096, tid=7088
#  fatal error: Invalid layout of preloaded class
#
# JRE version:  (7.0_51-b13) (build )
# Java VM: Java HotSpot(TM) 64-Bit Server VM (24.51-b03 mixed mode windows-amd64 compressed oops)
# Failed to write core dump. Minidumps are not enabled by default on client versions of Windows
#
# If you would like to submit a bug report, please visit:
#   http://bugreport.sun.com/bugreport/crash.jsp
#

---------------  T H R E A D  ---------------

Current thread (0x0000000002922800):  JavaThread "Unknown thread" [_thread_in_vm, id=7088, stack(0x00000000024e0000,0x00000000025e0000)]

Stack: [0x00000000024e0000,0x00000000025e0000]

---------------  P R O C E S S  ---------------

Java Threads: ( => current thread )

Other Threads:

=>0x0000000002922800 (exited) JavaThread "Unknown thread" [_thread_in_vm, id=7088, stack(0x00000000024e0000,0x00000000025e0000)]

VM state:not at safepoint (not fully initialized)

VM Mutex/Monitor currently owned by a thread: None

GC Heap History (0 events):
No events

Deoptimization events (0 events):
No events

Internal exceptions (0 events):
No events

Events (10 events):
Event: 0.040 loading class 0x00000000029677a0 done
Event: 0.041 loading class 0x00000000029671c0 done
Event: 0.041 loading class 0x00000000029671a0
Event: 0.041 loading class 0x000000000296f2b0
Event: 0.042 loading class 0x000000000296f2b0 done
Event: 0.042 loading class 0x000000000296f2e0
Event: 0.042 loading class 0x000000000296f2e0 done
Event: 0.042 loading class 0x000000000296f310
Event: 0.042 loading class 0x000000000296f310 done
Event: 0.043 loading class 0x00000000029671a0 done


Dynamic libraries:
0x00007ff748350000 - 0x00007ff748383000 	G:\public\IDE\Java\bin\jdk1.7.0_51\bin\javaw.exe
0x00007ffb04000000 - 0x00007ffb041ac000 	C:\WINDOWS\SYSTEM32\ntdll.dll
0x00007ffb02070000 - 0x00007ffb021ae000 	C:\WINDOWS\system32\KERNEL32.DLL
0x00007ffb01560000 - 0x00007ffb01675000 	C:\WINDOWS\system32\KERNELBASE.dll
0x00007ffaffcf0000 - 0x00007ffaffd7e000 	C:\WINDOWS\system32\apphelp.dll
0x00007ffae76c0000 - 0x00007ffae7713000 	C:\WINDOWS\AppPatch\AppPatch64\AcGenral.DLL
0x00007ffb016f0000 - 0x00007ffb0179a000 	C:\WINDOWS\system32\msvcrt.dll
0x00007ffb00f70000 - 0x00007ffb00f9e000 	C:\WINDOWS\SYSTEM32\SspiCli.dll
0x00007ffb02010000 - 0x00007ffb02064000 	C:\WINDOWS\system32\SHLWAPI.dll
0x00007ffb01b80000 - 0x00007ffb01cf7000 	C:\WINDOWS\system32\USER32.dll
0x00007ffb019e0000 - 0x00007ffb01b74000 	C:\WINDOWS\system32\ole32.dll
0x00007ffb021b0000 - 0x00007ffb036c8000 	C:\WINDOWS\system32\SHELL32.dll
0x00007ffb00b60000 - 0x00007ffb00b81000 	C:\WINDOWS\SYSTEM32\USERENV.dll
0x00007ffb03ef0000 - 0x00007ffb03f9a000 	C:\WINDOWS\system32\ADVAPI32.dll
0x00007ffaf6550000 - 0x00007ffaf656e000 	C:\WINDOWS\SYSTEM32\MPR.dll
0x00007ffb03da0000 - 0x00007ffb03ee1000 	C:\WINDOWS\system32\RPCRT4.dll
0x00007ffb01680000 - 0x00007ffb016d9000 	C:\WINDOWS\SYSTEM32\sechost.dll
0x00007ffb03790000 - 0x00007ffb039a1000 	C:\WINDOWS\SYSTEM32\combase.dll
0x00007ffb01d10000 - 0x00007ffb01e61000 	C:\WINDOWS\system32\GDI32.dll
0x00007ffb01150000 - 0x00007ffb01165000 	C:\WINDOWS\SYSTEM32\profapi.dll
0x00007ffaff500000 - 0x00007ffaff5b2000 	C:\WINDOWS\SYSTEM32\SHCORE.dll
0x00007ffb01980000 - 0x00007ffb019b6000 	C:\WINDOWS\system32\IMM32.DLL
0x00007ffb03c40000 - 0x00007ffb03d92000 	C:\WINDOWS\system32\MSCTF.dll
0x00007ffafc390000 - 0x00007ffafc60b000 	C:\WINDOWS\WinSxS\amd64_microsoft.windows.common-controls_6595b64144ccf1df_6.0.9600.17784_none_624760d1ecb7236e\COMCTL32.dll
0x0000000055d00000 - 0x0000000055dd2000 	G:\public\IDE\Java\bin\jdk1.7.0_51\jre\bin\msvcr100.dll
0x0000000055020000 - 0x00000000557e9000 	G:\public\IDE\Java\bin\jdk1.7.0_51\jre\bin\server\jvm.dll
0x00007ffaf7660000 - 0x00007ffaf7669000 	C:\WINDOWS\SYSTEM32\WSOCK32.dll
0x00007ffafba80000 - 0x00007ffafbaa2000 	C:\WINDOWS\SYSTEM32\WINMM.dll
0x00007ffb01d00000 - 0x00007ffb01d07000 	C:\WINDOWS\system32\PSAPI.DLL
0x00007ffb03fa0000 - 0x00007ffb03ffa000 	C:\WINDOWS\system32\WS2_32.dll
0x00007ffafba50000 - 0x00007ffafba7a000 	C:\WINDOWS\SYSTEM32\WINMMBASE.dll
0x00007ffb016e0000 - 0x00007ffb016e9000 	C:\WINDOWS\system32\NSI.dll
0x00007ffb01510000 - 0x00007ffb0155f000 	C:\WINDOWS\SYSTEM32\cfgmgr32.dll
0x00007ffafff40000 - 0x00007ffafff68000 	C:\WINDOWS\SYSTEM32\DEVOBJ.dll
0x0000000055cf0000 - 0x0000000055cff000 	G:\public\IDE\Java\bin\jdk1.7.0_51\jre\bin\verify.dll
0x0000000055cc0000 - 0x0000000055ce8000 	G:\public\IDE\Java\bin\jdk1.7.0_51\jre\bin\java.dll
0x0000000055c80000 - 0x0000000055cb5000 	G:\public\IDE\Java\bin\jdk1.7.0_51\jre\bin\jdwp.dll
0x0000000055c70000 - 0x0000000055c78000 	G:\public\IDE\Java\bin\jdk1.7.0_51\jre\bin\npt.dll
0x0000000055c50000 - 0x0000000055c65000 	G:\public\IDE\Java\bin\jdk1.7.0_51\jre\bin\zip.dll

VM Arguments:
jvm_args: -agentlib:jdwp=transport=dt_socket,suspend=y,address=localhost:10602 -Dfile.encoding=UTF-8 -Xbootclasspath:G:\public\IDE\Java\bin\android-sdk-bundle\sdk\platforms\android-20\android.jar 
java_command: kr.ac.gachon.game.pingpong.util.HttpConnect
Launcher Type: SUN_STANDARD

Environment Variables:
PATH=G:\public\IDE\Java\bin\jdk1.7.0_51\jre\bin;C:/Program Files/Java/jre1.8.0_31/bin/server;C:/Program Files/Java/jre1.8.0_31/bin;C:/Program Files/Java/jre1.8.0_31/lib/amd64;C:\ProgramData\Oracle\Java\javapath;C:\oraclexe\app\oracle\product\11.2.0\server\bin;C:\Program Files (x86)\Intel\iCLS Client\;C:\Program Files\Intel\iCLS Client\;C:\WINDOWS\system32;C:\WINDOWS;C:\WINDOWS\System32\Wbem;C:\WINDOWS\System32\WindowsPowerShell\v1.0\;C:\Program Files (x86)\Windows Live\Shared;C:\Program Files\Intel\Intel(R) Management Engine Components\DAL;C:\Program Files\Intel\Intel(R) Management Engine Components\IPT;C:\Program Files (x86)\Intel\Intel(R) Management Engine Components\DAL;C:\Program Files (x86)\Intel\Intel(R) Management Engine Components\IPT;C:\Program Files (x86)\Intel\OpenCL SDK\3.0\bin\x86;C:\Program Files (x86)\Intel\OpenCL SDK\3.0\bin\x64;C:\Program Files (x86)\ATI Technologies\ATI.ACE\Core-Static;C:\Program Files (x86)\Microsoft SQL Server\100\Tools\Binn\;C:\Program Files\Microsoft SQL Server\100\Tools\Binn\;C:\Program Files\Microsoft SQL Server\100\DTS\Binn\;c:\Program Files\Intel\WiFi\bin\;c:\Program Files\Common Files\Intel\WirelessCommon\;C:\Program Files (x86)\Windows Kits\8.1\Windows Performance Toolkit\;C:\Program Files\Microsoft SQL Server\110\Tools\Binn\;C:\Program Files (x86)\Microsoft SDKs\TypeScript\1.0\;C:\cygwin\bin;C:\cygwin\usr\include;G:\public\IDE\Cygwin\bin\home\Hwang\android-ndk-r10b;G:\public\IDE\Java\bin\jdk1.7.0_51\bin;C:\Program Files (x86)\nodejs\;C:\Program Files\Microsoft\Web Platform Installer\;C:\Users\Hwang\AppData\Roaming\npm;G:\public\IDE\Java\bin\eclipse-android-x64;
USERNAME=Hwang
OS=Windows_NT
PROCESSOR_IDENTIFIER=Intel64 Family 6 Model 69 Stepping 1, GenuineIntel



---------------  S Y S T E M  ---------------

OS: Windows 8 , 64 bit Build 9200 

CPU:total 4 (2 cores per cpu, 2 threads per core) family 6 model 69 stepping 1, cmov, cx8, fxsr, mmx, sse, sse2, sse3, ssse3, sse4.1, sse4.2, popcnt, avx, avx2, aes, erms, ht, tsc, tscinvbit

Memory: 4k page, physical 8153240k(3962300k free), swap 9463960k(2553908k free)

vm_info: Java HotSpot(TM) 64-Bit Server VM (24.51-b03) for windows-amd64 JRE (1.7.0_51-b13), built on Dec 18 2013 18:40:56 by "java_re" with unknown MS VC++:1600

time: Tue May 26 15:21:38 2015
elapsed time: 0 seconds

